<?xml version="1.0" encoding="utf-8" standalone="no"?>
<!--This file represents the results of running a test suite-->
<test-results name="C:\Dev\CK-Core-Projects\CK-Testing\Tests\CK.Testing.Tests\bin\Debug\net461\CK.Testing.Tests.dll" total="9" errors="0" failures="0" not-run="0" inconclusive="0" ignored="0" skipped="0" invalid="0" date="2018-04-26" time="12:43:36">
  <environment nunit-version="2.6.4.14350" clr-version="4.0.30319.42000" os-version="Microsoft Windows NT 6.2.9200.0" platform="Win32NT" cwd="C:\Dev\CK-Core-Projects\CK-Testing" machine-name="DESKTOP-5BQ4M95" user="olivi" user-domain="DESKTOP-5BQ4M95" />
  <culture-info current-culture="fr-FR" current-uiculture="fr-FR" />
  <test-suite type="Assembly" name="C:\Dev\CK-Core-Projects\CK-Testing\Tests\CK.Testing.Tests\bin\Debug\net461\CK.Testing.Tests.dll" executed="True" result="Success" success="True" time="1.130" asserts="0">
    <results>
      <test-suite type="Namespace" name="CK" executed="True" result="Success" success="True" time="1.113" asserts="0">
        <results>
          <test-suite type="Namespace" name="Testing" executed="True" result="Success" success="True" time="1.113" asserts="0">
            <results>
              <test-suite type="Namespace" name="Tests" executed="True" result="Success" success="True" time="1.112" asserts="0">
                <results>
                  <test-suite type="TestFixture" name="ResolverTests" executed="True" result="Success" success="True" time="1.072" asserts="0">
                    <results>
                      <test-suite type="ParameterizedTest" name="accessing_mixins_as_singleton" executed="True" result="Success" success="True" time="0.705" asserts="0">
                        <results>
                          <test-case name="CK.Testing.Tests.ResolverTests.accessing_mixins_as_singleton(True)" executed="True" result="Success" success="True" time="0.658" asserts="0" />
                          <test-case name="CK.Testing.Tests.ResolverTests.accessing_mixins_as_singleton(False)" executed="True" result="Success" success="True" time="0.033" asserts="0" />
                        </results>
                      </test-suite>
                      <test-case name="CK.Testing.Tests.ResolverTests.configuration_value_as_paths" executed="True" result="Success" success="True" time="0.063" asserts="0" />
                      <test-case name="CK.Testing.Tests.ResolverTests.resolving_one_core_as_singleton" executed="True" result="Success" success="True" time="0.234" asserts="0" />
                      <test-case name="CK.Testing.Tests.ResolverTests.resolving_one_simple_mixin_as_singleton" executed="True" result="Success" success="True" time="0.007" asserts="0" />
                      <test-case name="CK.Testing.Tests.ResolverTests.when_the_Core_implementation_is_not_found_an_exception_is_raised" executed="True" result="Success" success="True" time="0.043" asserts="0" />
                    </results>
                  </test-suite>
                  <test-suite type="TestFixture" name="ResolverWithResolveTargetsTests" executed="True" result="Success" success="True" time="0.038" asserts="0">
                    <results>
                      <test-case name="CK.Testing.Tests.ResolverWithResolveTargetsTests.resolving_with_targets_does_not_change_behavior_for_concrete_classes" executed="True" result="Success" success="True" time="0.019" asserts="0" />
                      <test-case name="CK.Testing.Tests.ResolverWithResolveTargetsTests.resolving_with_targets_where_only_class_uses_ResolveTarget" executed="True" result="Success" success="True" time="0.006" asserts="0" />
                      <test-case name="CK.Testing.Tests.ResolverWithResolveTargetsTests.resolving_with_targets_with_inner_mixin" executed="True" result="Success" success="True" time="0.010" asserts="0" />
                    </results>
                  </test-suite>
                </results>
              </test-suite>
            </results>
          </test-suite>
        </results>
      </test-suite>
    </results>
  </test-suite>
</test-results>